# JRE version: OpenJDK Runtime Environment (8.0_412-b08) (build 1.8.0_412-b08)
# Java VM: OpenJDK 64-Bit Server VM (25.412-b08 mixed mode linux-amd64 compressed oops)
Heap:
 PSYoungGen      total 6656K, used 6129K [0x000000076ab00000, 0x000000076bd00000, 0x00000007c0000000)
  eden space 6144K, 99% used [0x000000076ab00000,0x000000076b0fc4c8,0x000000076b100000)
  from space 512K, 0% used [0x000000076b100000,0x000000076b100000,0x000000076b180000)
  to   space 3072K, 0% used [0x000000076ba00000,0x000000076ba00000,0x000000076bd00000)
 ParOldGen       total 8192K, used 3537K [0x00000006c0000000, 0x00000006c0800000, 0x000000076ab00000)
  object space 8192K, 43% used [0x00000006c0000000,0x00000006c03745d8,0x00000006c0800000)
 Metaspace       used 8306K, capacity 8628K, committed 8960K, reserved 1056768K
  class space    used 919K, capacity 944K, committed 1024K, reserved 1048576K
GC Heap History (12 events):
Event: 0.070 GC heap before
{Heap before GC invocations=1 (full 0):
 PSYoungGen      total 2048K, used 1536K [0x000000076ab00000, 0x000000076ad80000, 0x00000007c0000000)
  eden space 1536K, 100% used [0x000000076ab00000,0x000000076ac80000,0x000000076ac80000)
  from space 512K, 0% used [0x000000076ad00000,0x000000076ad00000,0x000000076ad80000)
  to   space 512K, 0% used [0x000000076ac80000,0x000000076ac80000,0x000000076ad00000)
 ParOldGen       total 5632K, used 0K [0x00000006c0000000, 0x00000006c0580000, 0x000000076ab00000)
  object space 5632K, 0% used [0x00000006c0000000,0x00000006c0000000,0x00000006c0580000)
 Metaspace       used 3707K, capacity 4876K, committed 5120K, reserved 1056768K
  class space    used 373K, capacity 456K, committed 512K, reserved 1048576K
Event: 0.072 GC heap after
Heap after GC invocations=1 (full 0):
 PSYoungGen      total 2048K, used 512K [0x000000076ab00000, 0x000000076af00000, 0x00000007c0000000)
  eden space 1536K, 0% used [0x000000076ab00000,0x000000076ab00000,0x000000076ac80000)
  from space 512K, 100% used [0x000000076ac80000,0x000000076ad00000,0x000000076ad00000)
  to   space 512K, 0% used [0x000000076ae80000,0x000000076ae80000,0x000000076af00000)
 ParOldGen       total 5632K, used 200K [0x00000006c0000000, 0x00000006c0580000, 0x000000076ab00000)
  object space 5632K, 3% used [0x00000006c0000000,0x00000006c0032000,0x00000006c0580000)
 Metaspace       used 3707K, capacity 4876K, committed 5120K, reserved 1056768K
  class space    used 373K, capacity 456K, committed 512K, reserved 1048576K
}
Event: 0.091 GC heap before
{Heap before GC invocations=2 (full 0):
 PSYoungGen      total 2048K, used 2048K [0x000000076ab00000, 0x000000076af00000, 0x00000007c0000000)
  eden space 1536K, 100% used [0x000000076ab00000,0x000000076ac80000,0x000000076ac80000)
  from space 512K, 100% used [0x000000076ac80000,0x000000076ad00000,0x000000076ad00000)
  to   space 512K, 0% used [0x000000076ae80000,0x000000076ae80000,0x000000076af00000)
 ParOldGen       total 5632K, used 200K [0x00000006c0000000, 0x00000006c0580000, 0x000000076ab00000)
  object space 5632K, 3% used [0x00000006c0000000,0x00000006c0032000,0x00000006c0580000)
 Metaspace       used 4394K, capacity 5292K, committed 5376K, reserved 1056768K
  class space    used 460K, capacity 488K, committed 512K, reserved 1048576K
Event: 0.093 GC heap after
Heap after GC invocations=2 (full 0):
 PSYoungGen      total 3584K, used 512K [0x000000076ab00000, 0x000000076af00000, 0x00000007c0000000)
  eden space 3072K, 0% used [0x000000076ab00000,0x000000076ab00000,0x000000076ae00000)
  from space 512K, 100% used [0x000000076ae80000,0x000000076af00000,0x000000076af00000)
  to   space 512K, 0% used [0x000000076ae00000,0x000000076ae00000,0x000000076ae80000)
 ParOldGen       total 5632K, used 376K [0x00000006c0000000, 0x00000006c0580000, 0x000000076ab00000)
  object space 5632K, 6% used [0x00000006c0000000,0x00000006c005e020,0x00000006c0580000)
 Metaspace       used 4394K, capacity 5292K, committed 5376K, reserved 1056768K
  class space    used 460K, capacity 488K, committed 512K, reserved 1048576K
}
Event: 0.125 GC heap before
{Heap before GC invocations=3 (full 0):
 PSYoungGen      total 3584K, used 3584K [0x000000076ab00000, 0x000000076af00000, 0x00000007c0000000)
  eden space 3072K, 100% used [0x000000076ab00000,0x000000076ae00000,0x000000076ae00000)
  from space 512K, 100% used [0x000000076ae80000,0x000000076af00000,0x000000076af00000)
  to   space 512K, 0% used [0x000000076ae00000,0x000000076ae00000,0x000000076ae80000)
 ParOldGen       total 5632K, used 376K [0x00000006c0000000, 0x00000006c0580000, 0x000000076ab00000)
  object space 5632K, 6% used [0x00000006c0000000,0x00000006c005e020,0x00000006c0580000)
 Metaspace       used 5407K, capacity 6252K, committed 6528K, reserved 1056768K
  class space    used 575K, capacity 616K, committed 640K, reserved 1048576K
Event: 0.132 GC heap after
Heap after GC invocations=3 (full 0):
 PSYoungGen      total 3584K, used 480K [0x000000076ab00000, 0x000000076b200000, 0x00000007c0000000)
  eden space 3072K, 0% used [0x000000076ab00000,0x000000076ab00000,0x000000076ae00000)
  from space 512K, 93% used [0x000000076ae00000,0x000000076ae78010,0x000000076ae80000)
  to   space 512K, 0% used [0x000000076b180000,0x000000076b180000,0x000000076b200000)
 ParOldGen       total 5632K, used 920K [0x00000006c0000000, 0x00000006c0580000, 0x000000076ab00000)
  object space 5632K, 16% used [0x00000006c0000000,0x00000006c00e6070,0x00000006c0580000)
 Metaspace       used 5407K, capacity 6252K, committed 6528K, reserved 1056768K
  class space    used 575K, capacity 616K, committed 640K, reserved 1048576K
}
Event: 0.158 GC heap before
{Heap before GC invocations=4 (full 0):
 PSYoungGen      total 3584K, used 3551K [0x000000076ab00000, 0x000000076b200000, 0x00000007c0000000)
  eden space 3072K, 99% used [0x000000076ab00000,0x000000076adffbf0,0x000000076ae00000)
  from space 512K, 93% used [0x000000076ae00000,0x000000076ae78010,0x000000076ae80000)
  to   space 512K, 0% used [0x000000076b180000,0x000000076b180000,0x000000076b200000)
 ParOldGen       total 5632K, used 920K [0x00000006c0000000, 0x00000006c0580000, 0x000000076ab00000)
  object space 5632K, 16% used [0x00000006c0000000,0x00000006c00e6070,0x00000006c0580000)
 Metaspace       used 6332K, capacity 7148K, committed 7424K, reserved 1056768K
  class space    used 706K, capacity 744K, committed 768K, reserved 1048576K
Event: 0.160 GC heap after
Heap after GC invocations=4 (full 0):
 PSYoungGen      total 6656K, used 496K [0x000000076ab00000, 0x000000076b200000, 0x00000007c0000000)
  eden space 6144K, 0% used [0x000000076ab00000,0x000000076ab00000,0x000000076b100000)
  from space 512K, 96% used [0x000000076b180000,0x000000076b1fc020,0x000000076b200000)
  to   space 512K, 0% used [0x000000076b100000,0x000000076b100000,0x000000076b180000)
 ParOldGen       total 5632K, used 1116K [0x00000006c0000000, 0x00000006c0580000, 0x000000076ab00000)
  object space 5632K, 19% used [0x00000006c0000000,0x00000006c0117378,0x00000006c0580000)
 Metaspace       used 6332K, capacity 7148K, committed 7424K, reserved 1056768K
  class space    used 706K, capacity 744K, committed 768K, reserved 1048576K
}
Event: 0.213 GC heap before
{Heap before GC invocations=5 (full 0):
 PSYoungGen      total 6656K, used 6640K [0x000000076ab00000, 0x000000076b200000, 0x00000007c0000000)
  eden space 6144K, 100% used [0x000000076ab00000,0x000000076b100000,0x000000076b100000)
  from space 512K, 96% used [0x000000076b180000,0x000000076b1fc020,0x000000076b200000)
  to   space 512K, 0% used [0x000000076b100000,0x000000076b100000,0x000000076b180000)
 ParOldGen       total 5632K, used 1116K [0x00000006c0000000, 0x00000006c0580000, 0x000000076ab00000)
  object space 5632K, 19% used [0x00000006c0000000,0x00000006c0117378,0x00000006c0580000)
 Metaspace       used 7945K, capacity 8404K, committed 8704K, reserved 1056768K
  class space    used 878K, capacity 912K, committed 1024K, reserved 1048576K
Event: 0.218 GC heap after
Heap after GC invocations=5 (full 0):
 PSYoungGen      total 6656K, used 512K [0x000000076ab00000, 0x000000076bd00000, 0x00000007c0000000)
  eden space 6144K, 0% used [0x000000076ab00000,0x000000076ab00000,0x000000076b100000)
  from space 512K, 100% used [0x000000076b100000,0x000000076b180000,0x000000076b180000)
  to   space 3072K, 0% used [0x000000076ba00000,0x000000076ba00000,0x000000076bd00000)
 ParOldGen       total 5632K, used 3752K [0x00000006c0000000, 0x00000006c0580000, 0x000000076ab00000)
  object space 5632K, 66% used [0x00000006c0000000,0x00000006c03aa378,0x00000006c0580000)
 Metaspace       used 7945K, capacity 8404K, committed 8704K, reserved 1056768K
  class space    used 878K, capacity 912K, committed 1024K, reserved 1048576K
}
Event: 0.218 GC heap before
{Heap before GC invocations=6 (full 1):
 PSYoungGen      total 6656K, used 512K [0x000000076ab00000, 0x000000076bd00000, 0x00000007c0000000)
  eden space 6144K, 0% used [0x000000076ab00000,0x000000076ab00000,0x000000076b100000)
  from space 512K, 100% used [0x000000076b100000,0x000000076b180000,0x000000076b180000)
  to   space 3072K, 0% used [0x000000076ba00000,0x000000076ba00000,0x000000076bd00000)
 ParOldGen       total 5632K, used 3752K [0x00000006c0000000, 0x00000006c0580000, 0x000000076ab00000)
  object space 5632K, 66% used [0x00000006c0000000,0x00000006c03aa378,0x00000006c0580000)
 Metaspace       used 7945K, capacity 8404K, committed 8704K, reserved 1056768K
  class space    used 878K, capacity 912K, committed 1024K, reserved 1048576K
Event: 0.229 GC heap after
Heap after GC invocations=6 (full 1):
 PSYoungGen      total 6656K, used 0K [0x000000076ab00000, 0x000000076bd00000, 0x00000007c0000000)
  eden space 6144K, 0% used [0x000000076ab00000,0x000000076ab00000,0x000000076b100000)
  from space 512K, 0% used [0x000000076b100000,0x000000076b100000,0x000000076b180000)
  to   space 3072K, 0% used [0x000000076ba00000,0x000000076ba00000,0x000000076bd00000)
 ParOldGen       total 8192K, used 3537K [0x00000006c0000000, 0x00000006c0800000, 0x000000076ab00000)
  object space 8192K, 43% used [0x00000006c0000000,0x00000006c03745d8,0x00000006c0800000)
 Metaspace       used 7945K, capacity 8404K, committed 8704K, reserved 1056768K
  class space    used 878K, capacity 912K, committed 1024K, reserved 1048576K
}

